<?xml version="1.0" encoding="UTF-8"?>
<testng-results ignored="0" total="1" passed="1" failed="0" skipped="0">
  <reporter-output>
  </reporter-output>
  <suite started-at="2022-03-16T21:42:50 IST" name="Default suite" finished-at="2022-03-16T21:43:07 IST" duration-ms="16947">
    <groups>
    </groups>
    <test started-at="2022-03-16T21:42:50 IST" name="Default test" finished-at="2022-03-16T21:43:07 IST" duration-ms="16947">
      <class name="Com.Crm.Practice.LaunchBrowserTest">
        <test-method signature="launchBrowserTest()[pri:0, instance:Com.Crm.Practice.LaunchBrowserTest@27ff5d15]" started-at="2022-03-16T21:42:50 IST" name="launchBrowserTest" finished-at="2022-03-16T21:43:07 IST" duration-ms="16699" status="PASS">
          <reporter-output>
          </reporter-output>
        </test-method> <!-- launchBrowserTest -->
      </class> <!-- Com.Crm.Practice.LaunchBrowserTest -->
    </test> <!-- Default test -->
  </suite> <!-- Default suite -->
</testng-results>
